# JRE version: Java(TM) SE Runtime Environment (8.0_31-b13) (build 1.8.0_31-b13)
# Java VM: Java HotSpot(TM) 64-Bit Server VM (25.31-b07 mixed mode windows-amd64 compressed oops)
Heap:
 PSYoungGen      total 243712K, used 22096K [0x00000000d9d80000, 0x00000000edf00000, 0x0000000100000000)
  eden space 236032K, 6% used [0x00000000d9d80000,0x00000000dab960b0,0x00000000e8400000)
  from space 7680K, 99% used [0x00000000ed780000,0x00000000edefe150,0x00000000edf00000)
  to   space 20992K, 0% used [0x00000000eb600000,0x00000000eb600000,0x00000000eca80000)
 ParOldGen       total 98816K, used 32849K [0x000000008d800000, 0x0000000093880000, 0x00000000d9d80000)
  object space 98816K, 33% used [0x000000008d800000,0x000000008f8146b8,0x0000000093880000)
 Metaspace       used 46080K, capacity 47486K, committed 47616K, reserved 1091584K
  class space    used 5787K, capacity 6040K, committed 6144K, reserved 1048576K
GC Heap History (10 events):
Event: 13.630 GC heap before
{Heap before GC invocations=10 (full 2):
 PSYoungGen      total 194560K, used 183808K [0x00000000d9d80000, 0x00000000ec200000, 0x0000000100000000)
  eden space 183808K, 100% used [0x00000000d9d80000,0x00000000e5100000,0x00000000e5100000)
  from space 10752K, 0% used [0x00000000e5100000,0x00000000e5100000,0x00000000e5b80000)
  to   space 15360K, 0% used [0x00000000eb300000,0x00000000eb300000,0x00000000ec200000)
 ParOldGen       total 98816K, used 23572K [0x000000008d800000, 0x0000000093880000, 0x00000000d9d80000)
  object space 98816K, 23% used [0x000000008d800000,0x000000008ef05320,0x0000000093880000)
 Metaspace       used 39030K, capacity 39778K, committed 39936K, reserved 1083392K
  class space    used 4916K, capacity 5089K, committed 5120K, reserved 1048576K
Event: 13.660 GC heap after
Heap after GC invocations=10 (full 2):
 PSYoungGen      total 269824K, used 11337K [0x00000000d9d80000, 0x00000000ebe80000, 0x0000000100000000)
  eden space 258048K, 0% used [0x00000000d9d80000,0x00000000d9d80000,0x00000000e9980000)
  from space 11776K, 96% used [0x00000000eb300000,0x00000000ebe124a8,0x00000000ebe80000)
  to   space 15360K, 0% used [0x00000000ea080000,0x00000000ea080000,0x00000000eaf80000)
 ParOldGen       total 98816K, used 23580K [0x000000008d800000, 0x0000000093880000, 0x00000000d9d80000)
  object space 98816K, 23% used [0x000000008d800000,0x000000008ef07320,0x0000000093880000)
 Metaspace       used 39030K, capacity 39778K, committed 39936K, reserved 1083392K
  class space    used 4916K, capacity 5089K, committed 5120K, reserved 1048576K
}
Event: 472.915 GC heap before
{Heap before GC invocations=11 (full 2):
 PSYoungGen      total 269824K, used 269385K [0x00000000d9d80000, 0x00000000ebe80000, 0x0000000100000000)
  eden space 258048K, 100% used [0x00000000d9d80000,0x00000000e9980000,0x00000000e9980000)
  from space 11776K, 96% used [0x00000000eb300000,0x00000000ebe124a8,0x00000000ebe80000)
  to   space 15360K, 0% used [0x00000000ea080000,0x00000000ea080000,0x00000000eaf80000)
 ParOldGen       total 98816K, used 23580K [0x000000008d800000, 0x0000000093880000, 0x00000000d9d80000)
  object space 98816K, 23% used [0x000000008d800000,0x000000008ef07320,0x0000000093880000)
 Metaspace       used 45489K, capacity 46326K, committed 46592K, reserved 1089536K
  class space    used 5672K, capacity 5870K, committed 5888K, reserved 1048576K
Event: 472.947 GC heap after
Heap after GC invocations=11 (full 2):
 PSYoungGen      total 280576K, used 15356K [0x00000000d9d80000, 0x00000000ef080000, 0x0000000100000000)
  eden space 265216K, 0% used [0x00000000d9d80000,0x00000000d9d80000,0x00000000ea080000)
  from space 15360K, 99% used [0x00000000ea080000,0x00000000eaf7f308,0x00000000eaf80000)
  to   space 18432K, 0% used [0x00000000ede80000,0x00000000ede80000,0x00000000ef080000)
 ParOldGen       total 98816K, used 26266K [0x000000008d800000, 0x0000000093880000, 0x00000000d9d80000)
  object space 98816K, 26% used [0x000000008d800000,0x000000008f1a6b00,0x0000000093880000)
 Metaspace       used 45489K, capacity 46326K, committed 46592K, reserved 1089536K
  class space    used 5672K, capacity 5870K, committed 5888K, reserved 1048576K
}
Event: 1271.608 GC heap before
{Heap before GC invocations=12 (full 2):
 PSYoungGen      total 280576K, used 280572K [0x00000000d9d80000, 0x00000000ef080000, 0x0000000100000000)
  eden space 265216K, 100% used [0x00000000d9d80000,0x00000000ea080000,0x00000000ea080000)
  from space 15360K, 99% used [0x00000000ea080000,0x00000000eaf7f308,0x00000000eaf80000)
  to   space 18432K, 0% used [0x00000000ede80000,0x00000000ede80000,0x00000000ef080000)
 ParOldGen       total 98816K, used 26266K [0x000000008d800000, 0x0000000093880000, 0x00000000d9d80000)
  object space 98816K, 26% used [0x000000008d800000,0x000000008f1a6b00,0x0000000093880000)
 Metaspace       used 45790K, capacity 46714K, committed 46976K, reserved 1089536K
  class space    used 5720K, capacity 5922K, committed 6016K, reserved 1048576K
Event: 1271.649 GC heap after
Heap after GC invocations=12 (full 2):
 PSYoungGen      total 270336K, used 15023K [0x00000000d9d80000, 0x00000000eed80000, 0x0000000100000000)
  eden space 254976K, 0% used [0x00000000d9d80000,0x00000000d9d80000,0x00000000e9680000)
  from space 15360K, 97% used [0x00000000ede80000,0x00000000eed2bff8,0x00000000eed80000)
  to   space 19456K, 0% used [0x00000000ec780000,0x00000000ec780000,0x00000000eda80000)
 ParOldGen       total 98816K, used 26274K [0x000000008d800000, 0x0000000093880000, 0x00000000d9d80000)
  object space 98816K, 26% used [0x000000008d800000,0x000000008f1a8b00,0x0000000093880000)
 Metaspace       used 45790K, capacity 46714K, committed 46976K, reserved 1089536K
  class space    used 5720K, capacity 5922K, committed 6016K, reserved 1048576K
}
Event: 2009.081 GC heap before
{Heap before GC invocations=13 (full 2):
 PSYoungGen      total 270336K, used 269999K [0x00000000d9d80000, 0x00000000eed80000, 0x0000000100000000)
  eden space 254976K, 100% used [0x00000000d9d80000,0x00000000e9680000,0x00000000e9680000)
  from space 15360K, 97% used [0x00000000ede80000,0x00000000eed2bff8,0x00000000eed80000)
  to   space 19456K, 0% used [0x00000000ec780000,0x00000000ec780000,0x00000000eda80000)
 ParOldGen       total 98816K, used 26274K [0x000000008d800000, 0x0000000093880000, 0x00000000d9d80000)
  object space 98816K, 26% used [0x000000008d800000,0x000000008f1a8b00,0x0000000093880000)
 Metaspace       used 45945K, capacity 47062K, committed 47232K, reserved 1091584K
  class space    used 5754K, capacity 5980K, committed 6016K, reserved 1048576K
Event: 2009.121 GC heap after
Heap after GC invocations=13 (full 2):
 PSYoungGen      total 261632K, used 16111K [0x00000000d9d80000, 0x00000000edf00000, 0x0000000100000000)
  eden space 245248K, 0% used [0x00000000d9d80000,0x00000000d9d80000,0x00000000e8d00000)
  from space 16384K, 98% used [0x00000000ec780000,0x00000000ed73bfb0,0x00000000ed780000)
  to   space 7680K, 0% used [0x00000000ed780000,0x00000000ed780000,0x00000000edf00000)
 ParOldGen       total 98816K, used 26282K [0x000000008d800000, 0x0000000093880000, 0x00000000d9d80000)
  object space 98816K, 26% used [0x000000008d800000,0x000000008f1aab00,0x0000000093880000)
 Metaspace       used 45945K, capacity 47062K, committed 47232K, reserved 1091584K
  class space    used 5754K, capacity 5980K, committed 6016K, reserved 1048576K
}
Event: 2889.677 GC heap before
{Heap before GC invocations=14 (full 2):
 PSYoungGen      total 261632K, used 261359K [0x00000000d9d80000, 0x00000000edf00000, 0x0000000100000000)
  eden space 245248K, 100% used [0x00000000d9d80000,0x00000000e8d00000,0x00000000e8d00000)
  from space 16384K, 98% used [0x00000000ec780000,0x00000000ed73bfb0,0x00000000ed780000)
  to   space 7680K, 0% used [0x00000000ed780000,0x00000000ed780000,0x00000000edf00000)
 ParOldGen       total 98816K, used 26282K [0x000000008d800000, 0x0000000093880000, 0x00000000d9d80000)
  object space 98816K, 26% used [0x000000008d800000,0x000000008f1aab00,0x0000000093880000)
 Metaspace       used 46080K, capacity 47486K, committed 47616K, reserved 1091584K
  class space    used 5787K, capacity 6040K, committed 6144K, reserved 1048576K
Event: 2889.714 GC heap after
Heap after GC invocations=14 (full 2):
 PSYoungGen      total 243712K, used 7672K [0x00000000d9d80000, 0x00000000edf00000, 0x0000000100000000)
  eden space 236032K, 0% used [0x00000000d9d80000,0x00000000d9d80000,0x00000000e8400000)
  from space 7680K, 99% used [0x00000000ed780000,0x00000000edefe150,0x00000000edf00000)
  to   space 20992K, 0% used [0x00000000eb600000,0x00000000eb600000,0x00000000eca80000)
 ParOldGen       total 98816K, used 32849K [0x000000008d800000, 0x0000000093880000, 0x00000000d9d80000)
  object space 98816K, 33% used [0x000000008d800000,0x000000008f8146b8,0x0000000093880000)
 Metaspace       used 46080K, capacity 47486K, committed 47616K, reserved 1091584K
  class space    used 5787K, capacity 6040K, committed 6144K, reserved 1048576K
}

